TN:
SF:E:\Boris\Desktop\Dev\contractum\src\App.vue
FNF:0
FNH:0
DA:13,1
DA:21,1
LF:2
LH:2
BRF:0
BRH:0
end_of_record
TN:
SF:E:\Boris\Desktop\Dev\contractum\src\components\NavBar.vue
FNF:0
FNH:0
DA:121,0
DA:129,0
DA:134,0
DA:135,0
DA:141,0
DA:144,0
DA:147,0
DA:152,0
LF:8
LH:0
BRDA:134,0,0,0
BRDA:134,0,1,0
BRF:2
BRH:0
end_of_record
TN:
SF:E:\Boris\Desktop\Dev\contractum\src\views\About.vue
FNF:0
FNH:0
DA:31,1
LF:1
LH:1
BRF:0
BRH:0
end_of_record
TN:
SF:E:\Boris\Desktop\Dev\contractum\src\views\SignIn.vue
FN:78,(anonymous_1)
FNF:1
FNH:0
FNDA:0,(anonymous_1)
DA:79,0
DA:86,0
DA:89,0
DA:92,0
DA:97,0
DA:98,0
DA:104,0
DA:107,0
DA:110,0
DA:111,0
DA:113,0
DA:116,0
LF:12
LH:0
BRDA:97,0,0,0
BRDA:97,0,1,0
BRDA:97,1,0,0
BRDA:97,1,1,0
BRDA:110,2,0,0
BRDA:110,2,1,0
BRF:6
BRH:0
end_of_record
TN:
SF:E:\Boris\Desktop\Dev\contractum\src\views\SignUp.vue
FNF:0
FNH:0
DA:96,0
DA:104,0
DA:107,0
DA:110,0
DA:113,0
DA:118,0
DA:119,0
DA:125,0
DA:128,0
LF:9
LH:0
BRDA:104,0,0,0
BRDA:104,0,1,0
BRDA:118,1,0,0
BRDA:118,1,1,0
BRDA:118,2,0,0
BRDA:118,2,1,0
BRF:6
BRH:0
end_of_record
TN:
SF:E:\Boris\Desktop\Dev\contractum\src\views\Core\404.vue
FNF:0
FNH:0
DA:50,0
LF:1
LH:0
BRF:0
BRH:0
end_of_record
TN:
SF:E:\Boris\Desktop\Dev\contractum\src\views\User\Profile.vue
FNF:0
FNH:0
DA:138,0
DA:142,0
DA:151,0
DA:158,0
DA:161,0
DA:164,0
DA:167,0
DA:170,0
DA:171,0
LF:9
LH:0
BRDA:159,0,0,0
BRDA:159,0,1,0
BRDA:168,1,0,0
BRDA:168,1,1,0
BRF:4
BRH:0
end_of_record
